\BOOKMARK [0][-]{chapter.1}{\332vod}{}% 1
\BOOKMARK [0][-]{chapter.2}{Podnikov\351 port\341ly}{}% 2
\BOOKMARK [1][-]{section.2.1}{ Konkr\351tn\355 port\341lov\341 re\235en\355}{chapter.2}% 3
\BOOKMARK [1][-]{section.2.2}{ Liferay Portal}{chapter.2}% 4
\BOOKMARK [0][-]{chapter.3}{V\375voj portletu}{}% 5
\BOOKMARK [1][-]{section.3.1}{ Portlet}{chapter.3}% 6
\BOOKMARK [1][-]{section.3.2}{ Portletov\341 specifikace}{chapter.3}% 7
\BOOKMARK [0][-]{chapter.4}{Workflow}{}% 8
\BOOKMARK [1][-]{section.4.1}{ Typy workflow syst\351mu}{chapter.4}% 9
\BOOKMARK [1][-]{section.4.2}{ Obecn\375 model workflow syst\351mu}{chapter.4}% 10
\BOOKMARK [1][-]{section.4.3}{ Workflow pro procesy pracuj\355c\355 s dokumenty}{chapter.4}% 11
\BOOKMARK [1][-]{section.4.4}{ BPMN}{chapter.4}% 12
\BOOKMARK [0][-]{chapter.5}{Anal\375za a n\341vrh aplikace}{}% 13
\BOOKMARK [1][-]{section.5.1}{ Activiti workflow}{chapter.5}% 14
\BOOKMARK [1][-]{section.5.2}{ Kaleo}{chapter.5}% 15
\BOOKMARK [1][-]{section.5.3}{ Po\236adavky na vytv\341renou aplikaci}{chapter.5}% 16
\BOOKMARK [0][-]{chapter.6}{Realizace}{}% 17
\BOOKMARK [1][-]{section.6.1}{ Portletov\351 MVC r\341mce}{chapter.6}% 18
\BOOKMARK [1][-]{section.6.2}{ Alloy UI framework}{chapter.6}% 19
\BOOKMARK [1][-]{section.6.3}{ JAXB}{chapter.6}% 20
\BOOKMARK [1][-]{section.6.4}{ Liferay Portal API}{chapter.6}% 21
\BOOKMARK [0][-]{chapter.7}{Testov\341n\355 aplikace}{}% 22
\BOOKMARK [1][-]{section.7.1}{ Zvolen\351 druhy testu}{chapter.7}% 23
\BOOKMARK [1][-]{section.7.2}{ Pr\355prava a prubeh testu}{chapter.7}% 24
\BOOKMARK [1][-]{section.7.3}{ Vyhodnocen\355 testu}{chapter.7}% 25
\BOOKMARK [0][-]{chapter.8}{Dokumentace}{}% 26
\BOOKMARK [0][-]{chapter.9}{Z\341ver}{}% 27
